[01m[K/home/admin/Projects/ros2-examples-ads/ads_example_package/src/ads_node.cpp:[m[K In function â€˜[01m[Kint main(int, char**)[m[Kâ€™:
[01m[K/home/admin/Projects/ros2-examples-ads/ads_example_package/src/ads_node.cpp:156:18:[m[K [01;31m[Kerror: [m[Kfound â€˜[01m[K:[m[Kâ€™ in nested-name-specifier, expected â€˜[01m[K::[m[Kâ€™
  156 |     while (rclcpp[01;31m[K:[m[Kok())
      |                  [01;31m[K^[m[K
      |                  [32m[K::[m[K
gmake[2]: *** [CMakeFiles/ads_node.dir/build.make:76: CMakeFiles/ads_node.dir/src/ads_node.cpp.o] Error 1
gmake[1]: *** [CMakeFiles/Makefile2:137: CMakeFiles/ads_node.dir/all] Error 2
gmake: *** [Makefile:146: all] Error 2
