[0.048s] Invoking command in '/home/admin/Projects/ros2-examples-ads/ads_example_package/build/ads_example_package': CMAKE_PREFIX_PATH=${CMAKE_PREFIX_PATH}:/home/admin/ros2_humble/install/rqt_bag_plugins:/home/admin/ros2_humble/install/rqt_bag:/home/admin/ros2_humble/install/launch_testing_examples:/home/admin/ros2_humble/install/ros2bag:/home/admin/ros2_humble/install/tracetools_test:/home/admin/ros2_humble/install/tracetools_launch:/home/admin/ros2_humble/install/topic_monitor:/home/admin/ros2_humble/install/tf2_tools:/home/admin/ros2_humble/install/examples_tf2_py:/home/admin/ros2_humble/install/tf2_ros_py:/home/admin/ros2_humble/install/sros2:/home/admin/ros2_humble/install/rqt_topic:/home/admin/ros2_humble/install/rqt_srv:/home/admin/ros2_humble/install/rqt_shell:/home/admin/ros2_humble/install/rqt_service_caller:/home/admin/ros2_humble/install/rqt_reconfigure:/home/admin/ros2_humble/install/rqt_py_console:/home/admin/ros2_humble/install/rqt_publisher:/home/admin/ros2_humble/install/rqt_plot:/home/admin/ros2_humble/install/rqt_action:/home/admin/ros2_humble/install/rqt_msg:/home/admin/ros2_humble/install/rqt_console:/home/admin/ros2_humble/install/rqt:/home/admin/ros2_humble/install/rqt_graph:/home/admin/ros2_humble/install/rqt_gui_py:/home/admin/ros2_humble/install/rqt_gui:/home/admin/ros2_humble/install/ros2trace:/home/admin/ros2_humble/install/ros2topic:/home/admin/ros2_humble/install/ros2test:/home/admin/ros2_humble/install/ros2component:/home/admin/ros2_humble/install/ros2param:/home/admin/ros2_humble/install/ros2lifecycle:/home/admin/ros2_humble/install/ros2service:/home/admin/ros2_humble/install/ros2run:/home/admin/ros2_humble/install/ros2plugin:/home/admin/ros2_humble/install/ros2launch:/home/admin/ros2_humble/install/ros2pkg:/home/admin/ros2_humble/install/ros2node:/home/admin/ros2_humble/install/ros2multicast:/home/admin/ros2_humble/install/ros2interface:/home/admin/ros2_humble/install/ros2doctor:/home/admin/ros2_humble/install/ros2action:/home/admin/ros2_humble/install/ros2cli:/home/admin/ros2_humble/install/quality_of_service_demo_py:/home/admin/ros2_humble/install/lifecycle_py:/home/admin/ros2_humble/install/launch_testing_ros:/home/admin/ros2_humble/install/launch_ros:/home/admin/ros2_humble/install/examples_rclpy_pointcloud_publisher:/home/admin/ros2_humble/install/examples_rclpy_minimal_subscriber:/home/admin/ros2_humble/install/examples_rclpy_minimal_service:/home/admin/ros2_humble/install/examples_rclpy_minimal_publisher:/home/admin/ros2_humble/install/examples_rclpy_minimal_client:/home/admin/ros2_humble/install/examples_rclpy_minimal_action_server:/home/admin/ros2_humble/install/examples_rclpy_minimal_action_client:/home/admin/ros2_humble/install/examples_rclpy_guard_conditions:/home/admin/ros2_humble/install/examples_rclpy_executors:/home/admin/ros2_humble/install/demo_nodes_py:/home/admin/ros2_humble/install/camera_info_manager_py:/home/admin/ros2_humble/install/action_tutorials_py:/home/admin/ros2_humble/install/ament_uncrustify:/home/admin/ros2_humble/install/tracetools_trace:/home/admin/ros2_humble/install/tracetools_read:/home/admin/ros2_humble/install/test_tracetools_launch:/home/admin/ros2_humble/install/test_launch_ros:/home/admin/ros2_humble/install/sensor_msgs_py:/home/admin/ros2_humble/install/rpyutils:/home/admin/ros2_humble/install/rosidl_runtime_py:/home/admin/ros2_humble/install/rosidl_cli:/home/admin/ros2_humble/install/launch_pytest:/home/admin/ros2_humble/install/launch_testing:/home/admin/ros2_humble/install/launch_yaml:/home/admin/ros2_humble/install/launch_xml:/home/admin/ros2_humble/install/launch:/home/admin/ros2_humble/install/osrf_pycommon:/home/admin/ros2_humble/install/domain_coordinator:/home/admin/ros2_humble/install/ament_xmllint:/home/admin/ros2_humble/install/ament_pyflakes:/home/admin/ros2_humble/install/ament_pycodestyle:/home/admin/ros2_humble/install/ament_pep257:/home/admin/ros2_humble/install/ament_pclint:/home/admin/ros2_humble/install/ament_package:/home/admin/ros2_humble/install/ament_mypy:/home/admin/ros2_humble/install/ament_lint_cmake:/home/admin/ros2_humble/install/ament_flake8:/home/admin/ros2_humble/install/ament_copyright:/home/admin/ros2_humble/install/ament_lint:/home/admin/ros2_humble/install/ament_index_python:/home/admin/ros2_humble/install/ament_cpplint:/home/admin/ros2_humble/install/ament_cppcheck:/home/admin/ros2_humble/install/ament_clang_tidy:/home/admin/ros2_humble/install/ament_clang_format /usr/bin/cmake --build /home/admin/Projects/ros2-examples-ads/ads_example_package/build/ads_example_package -- -j8 -l8
[0.091s] -- Found ament_cmake: 1.3.12 (/home/admin/ros2_humble/install/ament_cmake/share/ament_cmake/cmake)
[0.542s] -- Found rclcpp: 16.0.16 (/home/admin/ros2_humble/install/rclcpp/share/rclcpp/cmake)
[0.573s] -- Found rosidl_generator_c: 3.1.7 (/home/admin/ros2_humble/install/rosidl_generator_c/share/rosidl_generator_c/cmake)
[0.575s] -- Found rosidl_adapter: 3.1.7 (/home/admin/ros2_humble/install/rosidl_adapter/share/rosidl_adapter/cmake)
[0.580s] -- Found rosidl_generator_cpp: 3.1.7 (/home/admin/ros2_humble/install/rosidl_generator_cpp/share/rosidl_generator_cpp/cmake)
[0.612s] -- Using all available rosidl_typesupport_c: rosidl_typesupport_introspection_c;rosidl_typesupport_fastrtps_c
[0.648s] -- Using all available rosidl_typesupport_cpp: rosidl_typesupport_introspection_cpp;rosidl_typesupport_fastrtps_cpp
[0.706s] -- Found rmw_implementation_cmake: 6.1.2 (/home/admin/ros2_humble/install/rmw_implementation_cmake/share/rmw_implementation_cmake/cmake)
[0.730s] -- Found rmw_fastrtps_cpp: 6.2.9 (/home/admin/ros2_humble/install/rmw_fastrtps_cpp/share/rmw_fastrtps_cpp/cmake)
[0.962s] -- Using RMW implementation 'rmw_fastrtps_cpp' as default
[1.044s] -- Found ament_lint_auto: 0.12.14 (/home/admin/ros2_humble/install/ament_lint_auto/share/ament_lint_auto/cmake)
[1.250s] -- Added test 'copyright' to check source files copyright and LICENSE
[1.267s] -- Added test 'cppcheck' to perform static code analysis on C / C++ code
[1.267s] -- Configured cppcheck include dirs: $<BUILD_INTERFACE:/home/admin/Projects/ros2-examples-ads/ads_example_package/include>;/home/admin/Projects/ros2-examples-ads/ads_example_package/../ADS/AdsLib
[1.267s] -- Configured cppcheck exclude dirs and/or files: 
[1.283s] -- Added test 'cpplint' to check C / C++ code against the Google style
[1.283s] -- Configured cpplint exclude dirs and/or files: 
[1.286s] -- Added test 'flake8' to check Python code syntax and style conventions
[1.290s] -- Added test 'lint_cmake' to check CMake code style
[1.292s] -- Added test 'pep257' to check Python code against some of the docstring style conventions in PEP 257
[1.308s] -- Added test 'uncrustify' to check C / C++ code style
[1.308s] -- Configured uncrustify additional arguments: 
[1.310s] -- Added test 'xmllint' to check XML markup files
[1.311s] -- Configuring done
[1.327s] -- Generating done
[1.331s] -- Build files have been written to: /home/admin/Projects/ros2-examples-ads/ads_example_package/build/ads_example_package
[1.378s] [35m[1mConsolidate compiler generated dependencies of target ads_node[0m
[1.405s] [ 50%] [32mBuilding CXX object CMakeFiles/ads_node.dir/src/ads_node.cpp.o[0m
[3.760s] [01m[K/home/admin/Projects/ros2-examples-ads/ads_example_package/src/ads_node.cpp:[m[K In function â€˜[01m[Kint main(int, char**)[m[Kâ€™:
[3.760s] [01m[K/home/admin/Projects/ros2-examples-ads/ads_example_package/src/ads_node.cpp:156:18:[m[K [01;31m[Kerror: [m[Kfound â€˜[01m[K:[m[Kâ€™ in nested-name-specifier, expected â€˜[01m[K::[m[Kâ€™
[3.760s]   156 |     while (rclcpp[01;31m[K:[m[Kok())
[3.761s]       |                  [01;31m[K^[m[K
[3.761s]       |                  [32m[K::[m[K
[4.414s] gmake[2]: *** [CMakeFiles/ads_node.dir/build.make:76: CMakeFiles/ads_node.dir/src/ads_node.cpp.o] Error 1
[4.414s] gmake[1]: *** [CMakeFiles/Makefile2:137: CMakeFiles/ads_node.dir/all] Error 2
[4.415s] gmake: *** [Makefile:146: all] Error 2
[4.415s] Invoked command in '/home/admin/Projects/ros2-examples-ads/ads_example_package/build/ads_example_package' returned '2': CMAKE_PREFIX_PATH=${CMAKE_PREFIX_PATH}:/home/admin/ros2_humble/install/rqt_bag_plugins:/home/admin/ros2_humble/install/rqt_bag:/home/admin/ros2_humble/install/launch_testing_examples:/home/admin/ros2_humble/install/ros2bag:/home/admin/ros2_humble/install/tracetools_test:/home/admin/ros2_humble/install/tracetools_launch:/home/admin/ros2_humble/install/topic_monitor:/home/admin/ros2_humble/install/tf2_tools:/home/admin/ros2_humble/install/examples_tf2_py:/home/admin/ros2_humble/install/tf2_ros_py:/home/admin/ros2_humble/install/sros2:/home/admin/ros2_humble/install/rqt_topic:/home/admin/ros2_humble/install/rqt_srv:/home/admin/ros2_humble/install/rqt_shell:/home/admin/ros2_humble/install/rqt_service_caller:/home/admin/ros2_humble/install/rqt_reconfigure:/home/admin/ros2_humble/install/rqt_py_console:/home/admin/ros2_humble/install/rqt_publisher:/home/admin/ros2_humble/install/rqt_plot:/home/admin/ros2_humble/install/rqt_action:/home/admin/ros2_humble/install/rqt_msg:/home/admin/ros2_humble/install/rqt_console:/home/admin/ros2_humble/install/rqt:/home/admin/ros2_humble/install/rqt_graph:/home/admin/ros2_humble/install/rqt_gui_py:/home/admin/ros2_humble/install/rqt_gui:/home/admin/ros2_humble/install/ros2trace:/home/admin/ros2_humble/install/ros2topic:/home/admin/ros2_humble/install/ros2test:/home/admin/ros2_humble/install/ros2component:/home/admin/ros2_humble/install/ros2param:/home/admin/ros2_humble/install/ros2lifecycle:/home/admin/ros2_humble/install/ros2service:/home/admin/ros2_humble/install/ros2run:/home/admin/ros2_humble/install/ros2plugin:/home/admin/ros2_humble/install/ros2launch:/home/admin/ros2_humble/install/ros2pkg:/home/admin/ros2_humble/install/ros2node:/home/admin/ros2_humble/install/ros2multicast:/home/admin/ros2_humble/install/ros2interface:/home/admin/ros2_humble/install/ros2doctor:/home/admin/ros2_humble/install/ros2action:/home/admin/ros2_humble/install/ros2cli:/home/admin/ros2_humble/install/quality_of_service_demo_py:/home/admin/ros2_humble/install/lifecycle_py:/home/admin/ros2_humble/install/launch_testing_ros:/home/admin/ros2_humble/install/launch_ros:/home/admin/ros2_humble/install/examples_rclpy_pointcloud_publisher:/home/admin/ros2_humble/install/examples_rclpy_minimal_subscriber:/home/admin/ros2_humble/install/examples_rclpy_minimal_service:/home/admin/ros2_humble/install/examples_rclpy_minimal_publisher:/home/admin/ros2_humble/install/examples_rclpy_minimal_client:/home/admin/ros2_humble/install/examples_rclpy_minimal_action_server:/home/admin/ros2_humble/install/examples_rclpy_minimal_action_client:/home/admin/ros2_humble/install/examples_rclpy_guard_conditions:/home/admin/ros2_humble/install/examples_rclpy_executors:/home/admin/ros2_humble/install/demo_nodes_py:/home/admin/ros2_humble/install/camera_info_manager_py:/home/admin/ros2_humble/install/action_tutorials_py:/home/admin/ros2_humble/install/ament_uncrustify:/home/admin/ros2_humble/install/tracetools_trace:/home/admin/ros2_humble/install/tracetools_read:/home/admin/ros2_humble/install/test_tracetools_launch:/home/admin/ros2_humble/install/test_launch_ros:/home/admin/ros2_humble/install/sensor_msgs_py:/home/admin/ros2_humble/install/rpyutils:/home/admin/ros2_humble/install/rosidl_runtime_py:/home/admin/ros2_humble/install/rosidl_cli:/home/admin/ros2_humble/install/launch_pytest:/home/admin/ros2_humble/install/launch_testing:/home/admin/ros2_humble/install/launch_yaml:/home/admin/ros2_humble/install/launch_xml:/home/admin/ros2_humble/install/launch:/home/admin/ros2_humble/install/osrf_pycommon:/home/admin/ros2_humble/install/domain_coordinator:/home/admin/ros2_humble/install/ament_xmllint:/home/admin/ros2_humble/install/ament_pyflakes:/home/admin/ros2_humble/install/ament_pycodestyle:/home/admin/ros2_humble/install/ament_pep257:/home/admin/ros2_humble/install/ament_pclint:/home/admin/ros2_humble/install/ament_package:/home/admin/ros2_humble/install/ament_mypy:/home/admin/ros2_humble/install/ament_lint_cmake:/home/admin/ros2_humble/install/ament_flake8:/home/admin/ros2_humble/install/ament_copyright:/home/admin/ros2_humble/install/ament_lint:/home/admin/ros2_humble/install/ament_index_python:/home/admin/ros2_humble/install/ament_cpplint:/home/admin/ros2_humble/install/ament_cppcheck:/home/admin/ros2_humble/install/ament_clang_tidy:/home/admin/ros2_humble/install/ament_clang_format /usr/bin/cmake --build /home/admin/Projects/ros2-examples-ads/ads_example_package/build/ads_example_package -- -j8 -l8
