[35m[1mConsolidate compiler generated dependencies of target em1500_node[0m
[ 50%] [32mBuilding CXX object CMakeFiles/em1500_node.dir/src/em1500_ads_node.cpp.o[0m
[01m[K/home/admin/Documents/GitHub/PRA400-UiA-Moition-Lab-Digital-Twin/ROS2ADS/em1500_ads_bridge/src/em1500_ads_node.cpp:[m[K In function â€˜[01m[Kint main(int, char**)[m[Kâ€™:
[01m[K/home/admin/Documents/GitHub/PRA400-UiA-Moition-Lab-Digital-Twin/ROS2ADS/em1500_ads_bridge/src/em1500_ads_node.cpp:151:9:[m[K [01;31m[Kerror: [m[Kexpected â€˜[01m[K,[m[Kâ€™ or â€˜[01m[K;[m[Kâ€™ before â€˜[01m[Kdouble[m[Kâ€™
  151 |         [01;31m[Kdouble[m[K roll  = p.roll;
      |         [01;31m[K^~~~~~[m[K
[01m[K/home/admin/Documents/GitHub/PRA400-UiA-Moition-Lab-Digital-Twin/ROS2ADS/em1500_ads_bridge/src/em1500_ads_node.cpp:156:44:[m[K [01;31m[Kerror: [m[Kâ€˜[01m[Kroll[m[Kâ€™ was not declared in this scope
  156 |         ComputeLengths(surge, sway, heave, [01;31m[Kroll[m[K, pitch, yaw, L);
      |                                            [01;31m[K^~~~[m[K
gmake[2]: *** [CMakeFiles/em1500_node.dir/build.make:76: CMakeFiles/em1500_node.dir/src/em1500_ads_node.cpp.o] Error 1
gmake[1]: *** [CMakeFiles/Makefile2:137: CMakeFiles/em1500_node.dir/all] Error 2
gmake: *** [Makefile:146: all] Error 2
