-- Found ament_cmake: 1.3.12 (/home/admin/ros2_humble/install/ament_cmake/share/ament_cmake/cmake)
-- Found Python3: /usr/bin/python3 (found version "3.10.12") found components: Interpreter 
-- Looking for pthread.h
-- Looking for pthread.h - found
-- Performing Test CMAKE_HAVE_LIBC_PTHREAD
-- Performing Test CMAKE_HAVE_LIBC_PTHREAD - Success
-- Found Threads: TRUE  
-- Found ament_lint_auto: 0.12.14 (/home/admin/ros2_humble/install/ament_lint_auto/share/ament_lint_auto/cmake)
-- Added test 'copyright' to check source files copyright and LICENSE
-- Added test 'cppcheck' to perform static code analysis on C / C++ code
-- Configured cppcheck include dirs: $<BUILD_INTERFACE:/home/admin/Projects/ros2-examples-ads/ads_example_package/include>;/home/admin/Projects/ros2-examples-ads/ads_example_package/../ADS/AdsLib
-- Configured cppcheck exclude dirs and/or files: 
-- Added test 'cpplint' to check C / C++ code against the Google style
-- Configured cpplint exclude dirs and/or files: 
-- Added test 'flake8' to check Python code syntax and style conventions
-- Added test 'lint_cmake' to check CMake code style
-- Added test 'pep257' to check Python code against some of the docstring style conventions in PEP 257
-- Added test 'uncrustify' to check C / C++ code style
-- Configured uncrustify additional arguments: 
-- Added test 'xmllint' to check XML markup files
-- Configuring done
-- Generating done
-- Build files have been written to: /home/admin/Projects/ros2-examples-ads/ads_example_package/build/ads_example_package
[ 50%] [32mBuilding CXX object CMakeFiles/ads_node.dir/src/ads_node.cpp.o[0m
[01m[K/home/admin/Projects/ros2-examples-ads/ads_example_package/src/ads_node.cpp:[m[K In function â€˜[01m[Kint main(int, char**)[m[Kâ€™:
[01m[K/home/admin/Projects/ros2-examples-ads/ads_example_package/src/ads_node.cpp:97:42:[m[K [01;31m[Kerror: [m[Kexpected â€˜[01m[K;[m[Kâ€™ before â€˜[01m[Kstd[m[Kâ€™
   97 |         << "Yaw: " << adsHandler.getYaw()
      |                                          [01;31m[K^[m[K
      |                                          [32m[K;[m[K
   98 | 
   99 |     [32m[Kstd[m[K::this_thread::sleep_for(std::chrono::miliseconds(50));
      |     [32m[K~~~[m[K                                   
gmake[2]: *** [CMakeFiles/ads_node.dir/build.make:76: CMakeFiles/ads_node.dir/src/ads_node.cpp.o] Error 1
gmake[1]: *** [CMakeFiles/Makefile2:137: CMakeFiles/ads_node.dir/all] Error 2
gmake: *** [Makefile:146: all] Error 2
