[01m[K/home/admin/Projects/ros2-examples-ads/ads_example_package/src/ads_node.cpp:6:10:[m[K [01;31m[Kfatal error: [m[Krclcpp/rclcpp.hpp: No such file or directory
    6 | #include [01;31m[K"rclcpp/rclcpp.hpp"[m[K
      |          [01;31m[K^~~~~~~~~~~~~~~~~~~[m[K
compilation terminated.
gmake[2]: *** [CMakeFiles/ads_node.dir/build.make:76: CMakeFiles/ads_node.dir/src/ads_node.cpp.o] Error 1
gmake[1]: *** [CMakeFiles/Makefile2:137: CMakeFiles/ads_node.dir/all] Error 2
gmake: *** [Makefile:146: all] Error 2
