[35m[1mConsolidate compiler generated dependencies of target ads_node[0m
[ 50%] [32mBuilding CXX object CMakeFiles/ads_node.dir/src/ads_node.cpp.o[0m
[01m[K/home/admin/Projects/ros2-examples-ads/ads_example_package/src/ads_node.cpp:118:9:[m[K [01;31m[Kerror: [m[Kâ€˜[01m[Kpose[m[Kâ€™ does not name a type; did you mean â€˜[01m[KPose[m[Kâ€™?
  118 |         [01;31m[Kpose[m[K getPose() {return ads_.pose;}
      |         [01;31m[K^~~~[m[K
      |         [32m[KPose[m[K
[01m[K/home/admin/Projects/ros2-examples-ads/ads_example_package/src/ads_node.cpp:[m[K In function â€˜[01m[Kint main(int, char**)[m[Kâ€™:
[01m[K/home/admin/Projects/ros2-examples-ads/ads_example_package/src/ads_node.cpp:140:29:[m[K [01;31m[Kerror: [m[Kâ€˜[01m[Kclass craneads::AdsHandler[m[Kâ€™ has no member named â€˜[01m[KgetPose[m[Kâ€™
  140 |         Pose p = adsHandler.[01;31m[KgetPose[m[K();
      |                             [01;31m[K^~~~~~~[m[K
gmake[2]: *** [CMakeFiles/ads_node.dir/build.make:76: CMakeFiles/ads_node.dir/src/ads_node.cpp.o] Error 1
gmake[1]: *** [CMakeFiles/Makefile2:137: CMakeFiles/ads_node.dir/all] Error 2
gmake: *** [Makefile:146: all] Error 2
