[0.043s] Invoking command in '/home/admin/Projects/ros2-examples-ads/ads_example_package/build/ads_example_package': CMAKE_PREFIX_PATH=${CMAKE_PREFIX_PATH}:/home/admin/ros2_humble/install/rqt_bag_plugins:/home/admin/ros2_humble/install/rqt_bag:/home/admin/ros2_humble/install/launch_testing_examples:/home/admin/ros2_humble/install/ros2bag:/home/admin/ros2_humble/install/tracetools_test:/home/admin/ros2_humble/install/tracetools_launch:/home/admin/ros2_humble/install/topic_monitor:/home/admin/ros2_humble/install/tf2_tools:/home/admin/ros2_humble/install/examples_tf2_py:/home/admin/ros2_humble/install/tf2_ros_py:/home/admin/ros2_humble/install/sros2:/home/admin/ros2_humble/install/rqt_topic:/home/admin/ros2_humble/install/rqt_srv:/home/admin/ros2_humble/install/rqt_shell:/home/admin/ros2_humble/install/rqt_service_caller:/home/admin/ros2_humble/install/rqt_reconfigure:/home/admin/ros2_humble/install/rqt_py_console:/home/admin/ros2_humble/install/rqt_publisher:/home/admin/ros2_humble/install/rqt_plot:/home/admin/ros2_humble/install/rqt_action:/home/admin/ros2_humble/install/rqt_msg:/home/admin/ros2_humble/install/rqt_console:/home/admin/ros2_humble/install/rqt:/home/admin/ros2_humble/install/rqt_graph:/home/admin/ros2_humble/install/rqt_gui_py:/home/admin/ros2_humble/install/rqt_gui:/home/admin/ros2_humble/install/ros2trace:/home/admin/ros2_humble/install/ros2topic:/home/admin/ros2_humble/install/ros2test:/home/admin/ros2_humble/install/ros2component:/home/admin/ros2_humble/install/ros2param:/home/admin/ros2_humble/install/ros2lifecycle:/home/admin/ros2_humble/install/ros2service:/home/admin/ros2_humble/install/ros2run:/home/admin/ros2_humble/install/ros2plugin:/home/admin/ros2_humble/install/ros2launch:/home/admin/ros2_humble/install/ros2pkg:/home/admin/ros2_humble/install/ros2node:/home/admin/ros2_humble/install/ros2multicast:/home/admin/ros2_humble/install/ros2interface:/home/admin/ros2_humble/install/ros2doctor:/home/admin/ros2_humble/install/ros2action:/home/admin/ros2_humble/install/ros2cli:/home/admin/ros2_humble/install/quality_of_service_demo_py:/home/admin/ros2_humble/install/lifecycle_py:/home/admin/ros2_humble/install/launch_testing_ros:/home/admin/ros2_humble/install/launch_ros:/home/admin/ros2_humble/install/examples_rclpy_pointcloud_publisher:/home/admin/ros2_humble/install/examples_rclpy_minimal_subscriber:/home/admin/ros2_humble/install/examples_rclpy_minimal_service:/home/admin/ros2_humble/install/examples_rclpy_minimal_publisher:/home/admin/ros2_humble/install/examples_rclpy_minimal_client:/home/admin/ros2_humble/install/examples_rclpy_minimal_action_server:/home/admin/ros2_humble/install/examples_rclpy_minimal_action_client:/home/admin/ros2_humble/install/examples_rclpy_guard_conditions:/home/admin/ros2_humble/install/examples_rclpy_executors:/home/admin/ros2_humble/install/demo_nodes_py:/home/admin/ros2_humble/install/camera_info_manager_py:/home/admin/ros2_humble/install/action_tutorials_py:/home/admin/ros2_humble/install/ament_uncrustify:/home/admin/ros2_humble/install/tracetools_trace:/home/admin/ros2_humble/install/tracetools_read:/home/admin/ros2_humble/install/test_tracetools_launch:/home/admin/ros2_humble/install/test_launch_ros:/home/admin/ros2_humble/install/sensor_msgs_py:/home/admin/ros2_humble/install/rpyutils:/home/admin/ros2_humble/install/rosidl_runtime_py:/home/admin/ros2_humble/install/rosidl_cli:/home/admin/ros2_humble/install/launch_pytest:/home/admin/ros2_humble/install/launch_testing:/home/admin/ros2_humble/install/launch_yaml:/home/admin/ros2_humble/install/launch_xml:/home/admin/ros2_humble/install/launch:/home/admin/ros2_humble/install/osrf_pycommon:/home/admin/ros2_humble/install/domain_coordinator:/home/admin/ros2_humble/install/ament_xmllint:/home/admin/ros2_humble/install/ament_pyflakes:/home/admin/ros2_humble/install/ament_pycodestyle:/home/admin/ros2_humble/install/ament_pep257:/home/admin/ros2_humble/install/ament_pclint:/home/admin/ros2_humble/install/ament_package:/home/admin/ros2_humble/install/ament_mypy:/home/admin/ros2_humble/install/ament_lint_cmake:/home/admin/ros2_humble/install/ament_flake8:/home/admin/ros2_humble/install/ament_copyright:/home/admin/ros2_humble/install/ament_lint:/home/admin/ros2_humble/install/ament_index_python:/home/admin/ros2_humble/install/ament_cpplint:/home/admin/ros2_humble/install/ament_cppcheck:/home/admin/ros2_humble/install/ament_clang_tidy:/home/admin/ros2_humble/install/ament_clang_format /usr/bin/cmake --build /home/admin/Projects/ros2-examples-ads/ads_example_package/build/ads_example_package -- -j8 -l8
[0.127s] [35m[1mConsolidate compiler generated dependencies of target ads_node[0m
[0.155s] [ 50%] [32mBuilding CXX object CMakeFiles/ads_node.dir/src/ads_node.cpp.o[0m
[0.815s] [01m[K/home/admin/Projects/ros2-examples-ads/ads_example_package/src/ads_node.cpp:118:9:[m[K [01;31m[Kerror: [m[Kâ€˜[01m[Kpose[m[Kâ€™ does not name a type; did you mean â€˜[01m[KPose[m[Kâ€™?
[0.815s]   118 |         [01;31m[Kpose[m[K getPose() {return ads_.pose;}
[0.815s]       |         [01;31m[K^~~~[m[K
[0.815s]       |         [32m[KPose[m[K
[0.816s] [01m[K/home/admin/Projects/ros2-examples-ads/ads_example_package/src/ads_node.cpp:[m[K In function â€˜[01m[Kint main(int, char**)[m[Kâ€™:
[0.816s] [01m[K/home/admin/Projects/ros2-examples-ads/ads_example_package/src/ads_node.cpp:140:29:[m[K [01;31m[Kerror: [m[Kâ€˜[01m[Kclass craneads::AdsHandler[m[Kâ€™ has no member named â€˜[01m[KgetPose[m[Kâ€™
[0.816s]   140 |         Pose p = adsHandler.[01;31m[KgetPose[m[K();
[0.816s]       |                             [01;31m[K^~~~~~~[m[K
[0.927s] gmake[2]: *** [CMakeFiles/ads_node.dir/build.make:76: CMakeFiles/ads_node.dir/src/ads_node.cpp.o] Error 1
[0.928s] gmake[1]: *** [CMakeFiles/Makefile2:137: CMakeFiles/ads_node.dir/all] Error 2
[0.928s] gmake: *** [Makefile:146: all] Error 2
[0.931s] Invoked command in '/home/admin/Projects/ros2-examples-ads/ads_example_package/build/ads_example_package' returned '2': CMAKE_PREFIX_PATH=${CMAKE_PREFIX_PATH}:/home/admin/ros2_humble/install/rqt_bag_plugins:/home/admin/ros2_humble/install/rqt_bag:/home/admin/ros2_humble/install/launch_testing_examples:/home/admin/ros2_humble/install/ros2bag:/home/admin/ros2_humble/install/tracetools_test:/home/admin/ros2_humble/install/tracetools_launch:/home/admin/ros2_humble/install/topic_monitor:/home/admin/ros2_humble/install/tf2_tools:/home/admin/ros2_humble/install/examples_tf2_py:/home/admin/ros2_humble/install/tf2_ros_py:/home/admin/ros2_humble/install/sros2:/home/admin/ros2_humble/install/rqt_topic:/home/admin/ros2_humble/install/rqt_srv:/home/admin/ros2_humble/install/rqt_shell:/home/admin/ros2_humble/install/rqt_service_caller:/home/admin/ros2_humble/install/rqt_reconfigure:/home/admin/ros2_humble/install/rqt_py_console:/home/admin/ros2_humble/install/rqt_publisher:/home/admin/ros2_humble/install/rqt_plot:/home/admin/ros2_humble/install/rqt_action:/home/admin/ros2_humble/install/rqt_msg:/home/admin/ros2_humble/install/rqt_console:/home/admin/ros2_humble/install/rqt:/home/admin/ros2_humble/install/rqt_graph:/home/admin/ros2_humble/install/rqt_gui_py:/home/admin/ros2_humble/install/rqt_gui:/home/admin/ros2_humble/install/ros2trace:/home/admin/ros2_humble/install/ros2topic:/home/admin/ros2_humble/install/ros2test:/home/admin/ros2_humble/install/ros2component:/home/admin/ros2_humble/install/ros2param:/home/admin/ros2_humble/install/ros2lifecycle:/home/admin/ros2_humble/install/ros2service:/home/admin/ros2_humble/install/ros2run:/home/admin/ros2_humble/install/ros2plugin:/home/admin/ros2_humble/install/ros2launch:/home/admin/ros2_humble/install/ros2pkg:/home/admin/ros2_humble/install/ros2node:/home/admin/ros2_humble/install/ros2multicast:/home/admin/ros2_humble/install/ros2interface:/home/admin/ros2_humble/install/ros2doctor:/home/admin/ros2_humble/install/ros2action:/home/admin/ros2_humble/install/ros2cli:/home/admin/ros2_humble/install/quality_of_service_demo_py:/home/admin/ros2_humble/install/lifecycle_py:/home/admin/ros2_humble/install/launch_testing_ros:/home/admin/ros2_humble/install/launch_ros:/home/admin/ros2_humble/install/examples_rclpy_pointcloud_publisher:/home/admin/ros2_humble/install/examples_rclpy_minimal_subscriber:/home/admin/ros2_humble/install/examples_rclpy_minimal_service:/home/admin/ros2_humble/install/examples_rclpy_minimal_publisher:/home/admin/ros2_humble/install/examples_rclpy_minimal_client:/home/admin/ros2_humble/install/examples_rclpy_minimal_action_server:/home/admin/ros2_humble/install/examples_rclpy_minimal_action_client:/home/admin/ros2_humble/install/examples_rclpy_guard_conditions:/home/admin/ros2_humble/install/examples_rclpy_executors:/home/admin/ros2_humble/install/demo_nodes_py:/home/admin/ros2_humble/install/camera_info_manager_py:/home/admin/ros2_humble/install/action_tutorials_py:/home/admin/ros2_humble/install/ament_uncrustify:/home/admin/ros2_humble/install/tracetools_trace:/home/admin/ros2_humble/install/tracetools_read:/home/admin/ros2_humble/install/test_tracetools_launch:/home/admin/ros2_humble/install/test_launch_ros:/home/admin/ros2_humble/install/sensor_msgs_py:/home/admin/ros2_humble/install/rpyutils:/home/admin/ros2_humble/install/rosidl_runtime_py:/home/admin/ros2_humble/install/rosidl_cli:/home/admin/ros2_humble/install/launch_pytest:/home/admin/ros2_humble/install/launch_testing:/home/admin/ros2_humble/install/launch_yaml:/home/admin/ros2_humble/install/launch_xml:/home/admin/ros2_humble/install/launch:/home/admin/ros2_humble/install/osrf_pycommon:/home/admin/ros2_humble/install/domain_coordinator:/home/admin/ros2_humble/install/ament_xmllint:/home/admin/ros2_humble/install/ament_pyflakes:/home/admin/ros2_humble/install/ament_pycodestyle:/home/admin/ros2_humble/install/ament_pep257:/home/admin/ros2_humble/install/ament_pclint:/home/admin/ros2_humble/install/ament_package:/home/admin/ros2_humble/install/ament_mypy:/home/admin/ros2_humble/install/ament_lint_cmake:/home/admin/ros2_humble/install/ament_flake8:/home/admin/ros2_humble/install/ament_copyright:/home/admin/ros2_humble/install/ament_lint:/home/admin/ros2_humble/install/ament_index_python:/home/admin/ros2_humble/install/ament_cpplint:/home/admin/ros2_humble/install/ament_cppcheck:/home/admin/ros2_humble/install/ament_clang_tidy:/home/admin/ros2_humble/install/ament_clang_format /usr/bin/cmake --build /home/admin/Projects/ros2-examples-ads/ads_example_package/build/ads_example_package -- -j8 -l8
